<?xml version="1.0" encoding="UTF-8"?>
<testng-results skipped="0" failed="0" total="1" passed="1">
  <reporter-output>
  </reporter-output>
  <suite name="Default suite" duration-ms="59" started-at="2020-07-21T19:34:06Z" finished-at="2020-07-21T19:34:06Z">
    <groups>
    </groups>
    <test name="Default test" duration-ms="59" started-at="2020-07-21T19:34:06Z" finished-at="2020-07-21T19:34:06Z">
      <class name="auto.auto_test.AppTest">
        <test-method status="PASS" signature="testApp()[pri:0, instance:auto.auto_test.AppTest@9f70c54]" name="testApp" duration-ms="21" started-at="2020-07-22T01:04:06Z" finished-at="2020-07-22T01:04:06Z">
          <reporter-output>
          </reporter-output>
        </test-method> <!-- testApp -->
      </class> <!-- auto.auto_test.AppTest -->
    </test> <!-- Default test -->
  </suite> <!-- Default suite -->
</testng-results>
